<?xml version="1.0" encoding="UTF-8"?>
<testsuite name="TestSuite" time="6.773" tests="3" errors="0" skipped="0" failures="3">
  <properties>
    <property name="java.runtime.name" value="OpenJDK Runtime Environment"/>
    <property name="java.vm.version" value="16.0.2+7-67"/>
    <property name="sun.boot.library.path" value="C:\Users\osi0ba\.p2\pool\plugins\org.eclipse.justj.openjdk.hotspot.jre.full.win32.x86_64_16.0.2.v20210721-1149\jre\bin"/>
    <property name="maven.multiModuleProjectDirectory" value="C:\Users\osi0ba\eclipse-workspace\E2ESeleniumJenkins"/>
    <property name="java.vm.vendor" value="Oracle Corporation"/>
    <property name="java.vendor.url" value="https://java.oracle.com/"/>
    <property name="guice.disable.misplaced.annotation.check" value="true"/>
    <property name="path.separator" value=";"/>
    <property name="java.vm.name" value="OpenJDK 64-Bit Server VM"/>
    <property name="sun.os.patch.level" value=""/>
    <property name="user.script" value=""/>
    <property name="user.country" value="DE"/>
    <property name="sun.java.launcher" value="SUN_STANDARD"/>
    <property name="java.vm.specification.name" value="Java Virtual Machine Specification"/>
    <property name="user.dir" value="C:\Users\osi0ba\eclipse-workspace\E2ESeleniumJenkins"/>
    <property name="java.vm.compressedOopsMode" value="Zero based"/>
    <property name="java.runtime.version" value="16.0.2+7-67"/>
    <property name="os.arch" value="amd64"/>
    <property name="java.io.tmpdir" value="C:\Users\osi0ba\AppData\Local\Temp\"/>
    <property name="line.separator" value="&#10;"/>
    <property name="java.vm.specification.vendor" value="Oracle Corporation"/>
    <property name="user.variant" value=""/>
    <property name="os.name" value="Windows 10"/>
    <property name="classworlds.conf" value="C:\Users\osi0ba\eclipse-workspace\.metadata\.plugins\org.eclipse.m2e.launching\launches\m2conf18392695332292974876.tmp"/>
    <property name="sun.jnu.encoding" value="Cp1252"/>
    <property name="java.library.path" value="C:\Users\osi0ba\.p2\pool\plugins\org.eclipse.justj.openjdk.hotspot.jre.full.win32.x86_64_16.0.2.v20210721-1149\jre\bin;C:\Windows\Sun\Java\bin;C:\Windows\system32;C:\Windows;C:/Users/osi0ba/.p2/pool/plugins/org.eclipse.justj.openjdk.hotspot.jre.full.win32.x86_64_16.0.2.v20210721-1149/jre/bin/server;C:/Users/osi0ba/.p2/pool/plugins/org.eclipse.justj.openjdk.hotspot.jre.full.win32.x86_64_16.0.2.v20210721-1149/jre/bin;C:\Program Files (x86)\Embarcadero\Studio\22.0\bin;C:\Users\Public\Documents\Embarcadero\Studio\22.0\Bpl;C:\Program Files (x86)\Embarcadero\Studio\22.0\bin64;C:\Users\Public\Documents\Embarcadero\Studio\22.0\Bpl\Win64;C:\Windows\system32;C:\Windows;C:\Windows\System32\Wbem;C:\Windows\System32\WindowsPowerShell\v1.0\;C:\Windows\System32\OpenSSH\;C:\Program Files\dotnet\;C:\Program Files\Microsoft SQL Server\150\Tools\Binn\;C:\Program Files\Microsoft SQL Server\Client SDK\ODBC\170\Tools\Binn\;C:\Program Files (x86)\Microsoft SQL Server\150\Tools\Binn\;C:\Program Files\Microsoft SQL Server\150\DTS\Binn\;C:\Program Files (x86)\Windows Kits\10\Windows Performance Toolkit\;C:\Users\osi0ba/.local/bin;C:\Users\osi0ba\AppData\Local\Microsoft\WindowsApps;C:\Users\osi0ba\AppData\Local\atom\bin;C:\Program Files\JetBrains\CLion 2021.2.3\bin;;C:\Users\osi0ba\.dotnet\tools;C:\Users\osi0ba\AppData\Local\Programs\Microsoft VS Code\bin;C:\Windows\system32;;."/>
    <property name="jdk.debug" value="release"/>
    <property name="java.class.version" value="60.0"/>
    <property name="java.specification.name" value="Java Platform API Specification"/>
    <property name="sun.management.compiler" value="HotSpot 64-Bit Tiered Compilers"/>
    <property name="os.version" value="10.0"/>
    <property name="user.home" value="C:\Users\osi0ba"/>
    <property name="user.timezone" value="Europe/Berlin"/>
    <property name="file.encoding" value="Cp1252"/>
    <property name="java.specification.version" value="16"/>
    <property name="user.name" value="osi0ba"/>
    <property name="java.class.path" value="C:\Users\osi0ba\.p2\pool\plugins\org.eclipse.m2e.maven.runtime_1.18.0.20210603-1206\jars\plexus-classworlds-2.6.0.jar"/>
    <property name="java.vm.specification.version" value="16"/>
    <property name="sun.arch.data.model" value="64"/>
    <property name="sun.java.command" value="org.codehaus.plexus.classworlds.launcher.Launcher -B test"/>
    <property name="java.home" value="C:\Users\osi0ba\.p2\pool\plugins\org.eclipse.justj.openjdk.hotspot.jre.full.win32.x86_64_16.0.2.v20210721-1149\jre"/>
    <property name="user.language" value="de"/>
    <property name="java.specification.vendor" value="Oracle Corporation"/>
    <property name="java.vm.info" value="mixed mode"/>
    <property name="java.version" value="16.0.2"/>
    <property name="java.vendor" value="Oracle Corporation"/>
    <property name="maven.home" value="C:\Users\osi0ba\eclipse-workspace\E2ESeleniumJenkins\EMBEDDED"/>
    <property name="file.separator" value="\"/>
    <property name="java.version.date" value="2021-07-20"/>
    <property name="java.vendor.url.bug" value="https://bugreport.java.com/bugreport/"/>
    <property name="sun.io.unicode.encoding" value="UnicodeLittle"/>
    <property name="sun.cpu.endian" value="little"/>
    <property name="sun.cpu.isalist" value="amd64"/>
  </properties>
  <testcase name="testcase1" classname="testcase.TC001" time="2.452">
    <failure message="Returned value cannot be converted to WebElement: {stacktrace=Backtrace:&#10;	GetHandleVerifier [0x0089A813+48355]&#10;	(No symbol) [0x0082C4B1]&#10;	(No symbol) [0x00735220]&#10;	(No symbol) [0x00757C7C]&#10;	(No symbol) [0x0077A636]&#10;	(No symbol) [0x007770CD]&#10;	(No symbol) [0x00776B3A]&#10;	(No symbol) [0x00715311]&#10;	(No symbol) [0x0071571E]&#10;	(No symbol) [0x00715AFA]&#10;	GetHandleVerifier [0x00AFAABD+2539405]&#10;	GetHandleVerifier [0x00B3A78F+2800735]&#10;	GetHandleVerifier [0x00B3456C+2775612]&#10;	GetHandleVerifier [0x009251E0+616112]&#10;	(No symbol) [0x00835F8C]&#10;	(No symbol) [0x00714F64]&#10;	(No symbol) [0x00714912]&#10;	GetHandleVerifier [0x00B6159C+2959980]&#10;	BaseThreadInitThunk [0x75A9FCC9+25]&#10;	RtlGetAppContainerNamedObjectPath [0x775C7B1E+286]&#10;	RtlGetAppContainerNamedObjectPath [0x775C7AEE+238]&#10;, error=invalid session id, message=invalid session id}&#10;Build info: version: &apos;3.1.0&apos;, revision: &apos;b94c902&apos;, time: &apos;2017-02-16 12:21:31 -0800&apos;&#10;System info: host: &apos;LT-2001071&apos;, ip: &apos;192.168.8.111&apos;, os.name: &apos;Windows 10&apos;, os.arch: &apos;amd64&apos;, os.version: &apos;10.0&apos;, java.version: &apos;16.0.2&apos;&#10;Driver info: driver.version: RemoteWebDriver" type="org.openqa.selenium.WebDriverException">org.openqa.selenium.WebDriverException: Returned value cannot be converted to WebElement: {stacktrace=Backtrace:
	GetHandleVerifier [0x0089A813+48355]
	(No symbol) [0x0082C4B1]
	(No symbol) [0x00735220]
	(No symbol) [0x00757C7C]
	(No symbol) [0x0077A636]
	(No symbol) [0x007770CD]
	(No symbol) [0x00776B3A]
	(No symbol) [0x00715311]
	(No symbol) [0x0071571E]
	(No symbol) [0x00715AFA]
	GetHandleVerifier [0x00AFAABD+2539405]
	GetHandleVerifier [0x00B3A78F+2800735]
	GetHandleVerifier [0x00B3456C+2775612]
	GetHandleVerifier [0x009251E0+616112]
	(No symbol) [0x00835F8C]
	(No symbol) [0x00714F64]
	(No symbol) [0x00714912]
	GetHandleVerifier [0x00B6159C+2959980]
	BaseThreadInitThunk [0x75A9FCC9+25]
	RtlGetAppContainerNamedObjectPath [0x775C7B1E+286]
	RtlGetAppContainerNamedObjectPath [0x775C7AEE+238]
, error=invalid session id, message=invalid session id}
Build info: version: '3.1.0', revision: 'b94c902', time: '2017-02-16 12:21:31 -0800'
System info: host: 'LT-2001071', ip: '192.168.8.111', os.name: 'Windows 10', os.arch: 'amd64', os.version: '10.0', java.version: '16.0.2'
Driver info: driver.version: RemoteWebDriver
	at org.openqa.selenium.remote.RemoteWebDriver.findElement(RemoteWebDriver.java:373)
	at org.openqa.selenium.remote.RemoteWebDriver.findElementById(RemoteWebDriver.java:417)
	at testcase.TC001.testcase1(TC001.java:28)
</failure>
    <system-out><![CDATA[[TestNGContentHandler] [WARN] It is strongly recommended to add "<!DOCTYPE suite SYSTEM "http://testng.org/testng-1.0.dtd" >" at the top of your file, otherwise TestNG may fail or not work as expected.
854c49e59a40077a5732db4b86e86219
]]></system-out>
    <system-err><![CDATA[Starting ChromeDriver 114.0.5735.90 (386bc09e8f4f2e025eddae123f36f6263096ae49-refs/branch-heads/5735@{#1052}) on port 1104
Only local connections are allowed.
Please see https://chromedriver.chromium.org/security-considerations for suggestions on keeping ChromeDriver safe.
ChromeDriver was started successfully.
Okt. 11, 2023 6:23:26 PM org.openqa.selenium.remote.ProtocolHandshake createSession
INFO: Detected dialect: OSS
]]></system-err>
  </testcase>
  <testcase name="testcase1" classname="testcase.TC002" time="2.076">
    <failure message="Returned value cannot be converted to WebElement: {stacktrace=Backtrace:&#10;	GetHandleVerifier [0x0089A813+48355]&#10;	(No symbol) [0x0082C4B1]&#10;	(No symbol) [0x00735220]&#10;	(No symbol) [0x00757C7C]&#10;	(No symbol) [0x0077A636]&#10;	(No symbol) [0x007770CD]&#10;	(No symbol) [0x00776B3A]&#10;	(No symbol) [0x00715311]&#10;	(No symbol) [0x0071571E]&#10;	(No symbol) [0x00715AFA]&#10;	GetHandleVerifier [0x00AFAABD+2539405]&#10;	GetHandleVerifier [0x00B3A78F+2800735]&#10;	GetHandleVerifier [0x00B3456C+2775612]&#10;	GetHandleVerifier [0x009251E0+616112]&#10;	(No symbol) [0x00835F8C]&#10;	(No symbol) [0x00714F64]&#10;	(No symbol) [0x00714912]&#10;	GetHandleVerifier [0x00B6159C+2959980]&#10;	BaseThreadInitThunk [0x75A9FCC9+25]&#10;	RtlGetAppContainerNamedObjectPath [0x775C7B1E+286]&#10;	RtlGetAppContainerNamedObjectPath [0x775C7AEE+238]&#10;, error=invalid session id, message=invalid session id}&#10;Build info: version: &apos;3.1.0&apos;, revision: &apos;b94c902&apos;, time: &apos;2017-02-16 12:21:31 -0800&apos;&#10;System info: host: &apos;LT-2001071&apos;, ip: &apos;192.168.8.111&apos;, os.name: &apos;Windows 10&apos;, os.arch: &apos;amd64&apos;, os.version: &apos;10.0&apos;, java.version: &apos;16.0.2&apos;&#10;Driver info: driver.version: RemoteWebDriver" type="org.openqa.selenium.WebDriverException">org.openqa.selenium.WebDriverException: Returned value cannot be converted to WebElement: {stacktrace=Backtrace:
	GetHandleVerifier [0x0089A813+48355]
	(No symbol) [0x0082C4B1]
	(No symbol) [0x00735220]
	(No symbol) [0x00757C7C]
	(No symbol) [0x0077A636]
	(No symbol) [0x007770CD]
	(No symbol) [0x00776B3A]
	(No symbol) [0x00715311]
	(No symbol) [0x0071571E]
	(No symbol) [0x00715AFA]
	GetHandleVerifier [0x00AFAABD+2539405]
	GetHandleVerifier [0x00B3A78F+2800735]
	GetHandleVerifier [0x00B3456C+2775612]
	GetHandleVerifier [0x009251E0+616112]
	(No symbol) [0x00835F8C]
	(No symbol) [0x00714F64]
	(No symbol) [0x00714912]
	GetHandleVerifier [0x00B6159C+2959980]
	BaseThreadInitThunk [0x75A9FCC9+25]
	RtlGetAppContainerNamedObjectPath [0x775C7B1E+286]
	RtlGetAppContainerNamedObjectPath [0x775C7AEE+238]
, error=invalid session id, message=invalid session id}
Build info: version: '3.1.0', revision: 'b94c902', time: '2017-02-16 12:21:31 -0800'
System info: host: 'LT-2001071', ip: '192.168.8.111', os.name: 'Windows 10', os.arch: 'amd64', os.version: '10.0', java.version: '16.0.2'
Driver info: driver.version: RemoteWebDriver
	at org.openqa.selenium.remote.RemoteWebDriver.findElement(RemoteWebDriver.java:373)
	at org.openqa.selenium.remote.RemoteWebDriver.findElementById(RemoteWebDriver.java:417)
	at testcase.TC002.testcase1(TC002.java:28)
</failure>
    <system-out><![CDATA[e14bb6924828f2fdeb7f4a5c71376c68
]]></system-out>
    <system-err><![CDATA[Starting ChromeDriver 114.0.5735.90 (386bc09e8f4f2e025eddae123f36f6263096ae49-refs/branch-heads/5735@{#1052}) on port 22324
Only local connections are allowed.
Please see https://chromedriver.chromium.org/security-considerations for suggestions on keeping ChromeDriver safe.
ChromeDriver was started successfully.
Okt. 11, 2023 6:23:28 PM org.openqa.selenium.remote.ProtocolHandshake createSession
INFO: Detected dialect: OSS
]]></system-err>
  </testcase>
  <testcase name="testcase1" classname="testcase.TC003" time="2.245">
    <failure message="Returned value cannot be converted to WebElement: {stacktrace=Backtrace:&#10;	GetHandleVerifier [0x0089A813+48355]&#10;	(No symbol) [0x0082C4B1]&#10;	(No symbol) [0x00735220]&#10;	(No symbol) [0x00757C7C]&#10;	(No symbol) [0x0077A636]&#10;	(No symbol) [0x007770CD]&#10;	(No symbol) [0x00776B3A]&#10;	(No symbol) [0x00715311]&#10;	(No symbol) [0x0071571E]&#10;	(No symbol) [0x00715AFA]&#10;	GetHandleVerifier [0x00AFAABD+2539405]&#10;	GetHandleVerifier [0x00B3A78F+2800735]&#10;	GetHandleVerifier [0x00B3456C+2775612]&#10;	GetHandleVerifier [0x009251E0+616112]&#10;	(No symbol) [0x00835F8C]&#10;	(No symbol) [0x00714F64]&#10;	(No symbol) [0x00714912]&#10;	GetHandleVerifier [0x00B6159C+2959980]&#10;	BaseThreadInitThunk [0x75A9FCC9+25]&#10;	RtlGetAppContainerNamedObjectPath [0x775C7B1E+286]&#10;	RtlGetAppContainerNamedObjectPath [0x775C7AEE+238]&#10;, error=invalid session id, message=invalid session id}&#10;Build info: version: &apos;3.1.0&apos;, revision: &apos;b94c902&apos;, time: &apos;2017-02-16 12:21:31 -0800&apos;&#10;System info: host: &apos;LT-2001071&apos;, ip: &apos;192.168.8.111&apos;, os.name: &apos;Windows 10&apos;, os.arch: &apos;amd64&apos;, os.version: &apos;10.0&apos;, java.version: &apos;16.0.2&apos;&#10;Driver info: driver.version: RemoteWebDriver" type="org.openqa.selenium.WebDriverException">org.openqa.selenium.WebDriverException: Returned value cannot be converted to WebElement: {stacktrace=Backtrace:
	GetHandleVerifier [0x0089A813+48355]
	(No symbol) [0x0082C4B1]
	(No symbol) [0x00735220]
	(No symbol) [0x00757C7C]
	(No symbol) [0x0077A636]
	(No symbol) [0x007770CD]
	(No symbol) [0x00776B3A]
	(No symbol) [0x00715311]
	(No symbol) [0x0071571E]
	(No symbol) [0x00715AFA]
	GetHandleVerifier [0x00AFAABD+2539405]
	GetHandleVerifier [0x00B3A78F+2800735]
	GetHandleVerifier [0x00B3456C+2775612]
	GetHandleVerifier [0x009251E0+616112]
	(No symbol) [0x00835F8C]
	(No symbol) [0x00714F64]
	(No symbol) [0x00714912]
	GetHandleVerifier [0x00B6159C+2959980]
	BaseThreadInitThunk [0x75A9FCC9+25]
	RtlGetAppContainerNamedObjectPath [0x775C7B1E+286]
	RtlGetAppContainerNamedObjectPath [0x775C7AEE+238]
, error=invalid session id, message=invalid session id}
Build info: version: '3.1.0', revision: 'b94c902', time: '2017-02-16 12:21:31 -0800'
System info: host: 'LT-2001071', ip: '192.168.8.111', os.name: 'Windows 10', os.arch: 'amd64', os.version: '10.0', java.version: '16.0.2'
Driver info: driver.version: RemoteWebDriver
	at org.openqa.selenium.remote.RemoteWebDriver.findElement(RemoteWebDriver.java:373)
	at org.openqa.selenium.remote.RemoteWebDriver.findElementById(RemoteWebDriver.java:417)
	at testcase.TC003.testcase1(TC003.java:28)
</failure>
    <system-out><![CDATA[c422481452e56579b7e2268fa10ad098
]]></system-out>
    <system-err><![CDATA[Starting ChromeDriver 114.0.5735.90 (386bc09e8f4f2e025eddae123f36f6263096ae49-refs/branch-heads/5735@{#1052}) on port 25497
Only local connections are allowed.
Please see https://chromedriver.chromium.org/security-considerations for suggestions on keeping ChromeDriver safe.
ChromeDriver was started successfully.
Okt. 11, 2023 6:23:30 PM org.openqa.selenium.remote.ProtocolHandshake createSession
INFO: Detected dialect: OSS
]]></system-err>
  </testcase>
</testsuite>