<?xml version="1.0" encoding="UTF-8"?>
<!-- Generated by org.testng.reporters.JUnitReportReporter -->
<testsuite ignored="0" hostname="LT-2001071" failures="0" tests="1" name="uk.co.automationtesting.OrderCompleteTest" time="2.419" errors="0" timestamp="15 Okt. 2023 19:33:54 GMT" skipped="0">
  <testcase classname="uk.co.automationtesting.OrderCompleteTest" name="endToEndTest" time="2.419"/>
</testsuite> <!-- uk.co.automationtesting.OrderCompleteTest -->
