<?xml version="1.0" encoding="UTF-8"?>
<!-- Generated by org.testng.reporters.JUnitReportReporter -->
<testsuite ignored="0" hostname="LT-2001071" failures="0" tests="1" name="uk.co.automationtesting.OrderCompleteTest" time="5.491" errors="0" timestamp="15 Okt. 2023 19:19:59 GMT" skipped="0">
  <testcase classname="uk.co.automationtesting.OrderCompleteTest" name="endToEndTest" time="5.491"/>
</testsuite> <!-- uk.co.automationtesting.OrderCompleteTest -->
